<?xml version="1.0" encoding="UTF-8"?>
<!-- Generated by org.testng.reporters.JUnitXMLReporter -->
<testsuite hostname="AM-NOVA-COMP" name="Functional Tests" tests="10" failures="0" timestamp="7 Dec 2014 09:49:27 GMT" time="808.33" errors="0">
  <testcase name="xTest" time="18.107" classname="demo.test.ClearParameterOfSortTest"/>
  <testcase name="xTest" time="32.748" classname="demo.test.FalseRegistrationTest"/>
  <testcase name="xTest" time="191.923" classname="demo.test.ForgottenPasswordTest"/>
  <testcase name="xTest" time="15.198" classname="demo.test.OperatingSystemSortTest"/>
  <testcase name="xTest" time="216.307" classname="demo.test.ProducerSortTest"/>
  <testcase name="xTest" time="11.941" classname="demo.test.RegistrationTest"/>
  <testcase name="xTest" time="25.898" classname="demo.test.SearchAppleTest"/>
  <testcase name="xTest" time="13.813" classname="demo.test.SortOfGoodsTest"/>
  <testcase name="xTest" time="11.361" classname="demo.test.SwitchCurrencyTest"/>
  <testcase name="xTest" time="57.89" classname="demo.test.TabTest"/>
</testsuite> <!-- Functional Tests -->
